[2024-11-14 16:18:56,122: INFO: main: Logging is implemented]
[2024-11-18 19:44:55,568: INFO: common: yaml file: config\config.yaml loaded successfully]
[2024-11-18 19:45:48,396: INFO: common: yaml file: config\config.yaml loaded successfully]
[2024-11-18 19:48:26,497: INFO: common: yaml file: config\config.yaml loaded successfully]
[2024-11-18 19:49:48,488: INFO: common: yaml file: config\config.yaml loaded successfully]
[2024-11-18 19:52:24,125: INFO: common: yaml file: config\config.yaml loaded successfully]
[2024-11-18 20:03:45,372: INFO: common: yaml file: config\config.yaml loaded successfully]
[2024-11-18 20:03:45,377: INFO: common: yaml file: params.yaml loaded successfully]
[2024-11-18 20:03:45,379: INFO: common: created directory at: artifacts]
[2024-11-18 20:03:45,384: INFO: common: created directory at: artifacts/data_ingestion]
[2024-11-18 20:06:49,477: INFO: common: yaml file: config\config.yaml loaded successfully]
[2024-11-18 20:06:49,481: INFO: common: yaml file: params.yaml loaded successfully]
[2024-11-18 20:06:49,484: INFO: common: created directory at: artifacts]
[2024-11-18 20:06:49,487: INFO: common: created directory at: artifacts/data_ingestion]
[2024-11-18 20:06:54,533: INFO: 3995166546: File is downloaded]
[2024-11-18 20:40:41,993: INFO: main: stageData_Ingestion Stage Initiated]
[2024-11-18 20:40:42,007: INFO: common: yaml file: config\config.yaml loaded successfully]
[2024-11-18 20:40:42,011: INFO: common: yaml file: params.yaml loaded successfully]
[2024-11-18 20:40:42,024: INFO: common: created directory at: artifacts]
[2024-11-18 20:40:42,026: INFO: common: created directory at: artifacts/data_ingestion]
[2024-11-18 20:40:49,336: INFO: data_ingestion: File is downloaded]
[2024-11-18 20:40:49,845: INFO: main: Stage Ingestion Data_Ingestion Stage completed]
